<?xml version="1.0" encoding="UTF-8"?>
<testng-results skipped="0" failed="0" ignored="0" total="1" passed="1">
  <reporter-output>
  </reporter-output>
  <suite name="Default suite" duration-ms="14500" started-at="2018-09-01T16:02:30Z" finished-at="2018-09-01T16:02:44Z">
    <groups>
    </groups>
    <test name="Default test" duration-ms="14500" started-at="2018-09-01T16:02:30Z" finished-at="2018-09-01T16:02:44Z">
      <class name="sample1.Sample1">
        <test-method status="PASS" signature="login()[pri:0, instance:sample1.Sample1@77caeb3e]" name="login" duration-ms="14470" started-at="2018-09-01T21:32:30Z" finished-at="2018-09-01T21:32:44Z">
          <reporter-output>
          </reporter-output>
        </test-method> <!-- login -->
      </class> <!-- sample1.Sample1 -->
    </test> <!-- Default test -->
  </suite> <!-- Default suite -->
</testng-results>
